# JRE version: OpenJDK Runtime Environment (21.0.11+10) (build 21.0.11+10-1-24.04.2-Ubuntu)
# Java VM: OpenJDK 64-Bit Server VM (21.0.11+10-1-24.04.2-Ubuntu, mixed mode, sharing, tiered, compressed oops, compressed class ptrs, g1 gc, linux-amd64)
Heap:
 garbage-first heap   total 49152K, used 28370K [0x000000070a800000, 0x0000000800000000)
  region size 2048K, 8 young (16384K), 2 survivors (4096K)
 Metaspace       used 34259K, committed 34752K, reserved 1114112K
  class space    used 3758K, committed 3968K, reserved 1048576K
GC Heap History (20 events):
Event: 9.397 GC heap before
{Heap before GC invocations=3 (full 0):
 garbage-first heap   total 40960K, used 35658K [0x000000070a800000, 0x0000000800000000)
  region size 2048K, 15 young (30720K), 2 survivors (4096K)
 Metaspace       used 31657K, committed 32128K, reserved 1114112K
  class space    used 3561K, committed 3776K, reserved 1048576K
}
Event: 9.406 GC heap after
{Heap after GC invocations=4 (full 0):
 garbage-first heap   total 49152K, used 14278K [0x000000070a800000, 0x0000000800000000)
  region size 2048K, 4 young (8192K), 4 survivors (8192K)
 Metaspace       used 31657K, committed 32128K, reserved 1114112K
  class space    used 3561K, committed 3776K, reserved 1048576K
}
Event: 23.653 GC heap before
{Heap before GC invocations=4 (full 0):
 garbage-first heap   total 49152K, used 30662K [0x000000070a800000, 0x0000000800000000)
  region size 2048K, 12 young (24576K), 4 survivors (8192K)
 Metaspace       used 33119K, committed 33536K, reserved 1114112K
  class space    used 3695K, committed 3904K, reserved 1048576K
}
Event: 23.673 GC heap after
{Heap after GC invocations=5 (full 0):
 garbage-first heap   total 49152K, used 15316K [0x000000070a800000, 0x0000000800000000)
  region size 2048K, 1 young (2048K), 1 survivors (2048K)
 Metaspace       used 33119K, committed 33536K, reserved 1114112K
  class space    used 3695K, committed 3904K, reserved 1048576K
}
Event: 27.575 GC heap before
{Heap before GC invocations=5 (full 0):
 garbage-first heap   total 49152K, used 33748K [0x000000070a800000, 0x0000000800000000)
  region size 2048K, 10 young (20480K), 1 survivors (2048K)
 Metaspace       used 33505K, committed 33920K, reserved 1114112K
  class space    used 3731K, committed 3904K, reserved 1048576K
}
Event: 27.578 GC heap after
{Heap after GC invocations=6 (full 0):
 garbage-first heap   total 49152K, used 14774K [0x000000070a800000, 0x0000000800000000)
  region size 2048K, 1 young (2048K), 1 survivors (2048K)
 Metaspace       used 33505K, committed 33920K, reserved 1114112K
  class space    used 3731K, committed 3904K, reserved 1048576K
}
Event: 29.634 GC heap before
{Heap before GC invocations=6 (full 0):
 garbage-first heap   total 49152K, used 35254K [0x000000070a800000, 0x0000000800000000)
  region size 2048K, 11 young (22528K), 1 survivors (2048K)
 Metaspace       used 33584K, committed 34048K, reserved 1114112K
  class space    used 3735K, committed 3968K, reserved 1048576K
}
Event: 29.637 GC heap after
{Heap after GC invocations=7 (full 0):
 garbage-first heap   total 49152K, used 14658K [0x000000070a800000, 0x0000000800000000)
  region size 2048K, 1 young (2048K), 1 survivors (2048K)
 Metaspace       used 33584K, committed 34048K, reserved 1114112K
  class space    used 3735K, committed 3968K, reserved 1048576K
}
Event: 31.533 GC heap before
{Heap before GC invocations=7 (full 0):
 garbage-first heap   total 49152K, used 35138K [0x000000070a800000, 0x0000000800000000)
  region size 2048K, 11 young (22528K), 1 survivors (2048K)
 Metaspace       used 33654K, committed 34112K, reserved 1114112K
  class space    used 3737K, committed 3968K, reserved 1048576K
}
Event: 31.536 GC heap after
{Heap after GC invocations=8 (full 0):
 garbage-first heap   total 49152K, used 14619K [0x000000070a800000, 0x0000000800000000)
  region size 2048K, 1 young (2048K), 1 survivors (2048K)
 Metaspace       used 33654K, committed 34112K, reserved 1114112K
  class space    used 3737K, committed 3968K, reserved 1048576K
}
Event: 32.969 GC heap before
{Heap before GC invocations=8 (full 0):
 garbage-first heap   total 49152K, used 37147K [0x000000070a800000, 0x0000000800000000)
  region size 2048K, 12 young (24576K), 1 survivors (2048K)
 Metaspace       used 33737K, committed 34176K, reserved 1114112K
  class space    used 3738K, committed 3968K, reserved 1048576K
}
Event: 32.972 GC heap after
{Heap after GC invocations=9 (full 0):
 garbage-first heap   total 49152K, used 14656K [0x000000070a800000, 0x0000000800000000)
  region size 2048K, 1 young (2048K), 1 survivors (2048K)
 Metaspace       used 33737K, committed 34176K, reserved 1114112K
  class space    used 3738K, committed 3968K, reserved 1048576K
}
Event: 34.109 GC heap before
{Heap before GC invocations=9 (full 0):
 garbage-first heap   total 49152K, used 39232K [0x000000070a800000, 0x0000000800000000)
  region size 2048K, 13 young (26624K), 1 survivors (2048K)
 Metaspace       used 33760K, committed 34240K, reserved 1114112K
  class space    used 3738K, committed 3968K, reserved 1048576K
}
Event: 34.116 GC heap after
{Heap after GC invocations=10 (full 0):
 garbage-first heap   total 49152K, used 14715K [0x000000070a800000, 0x0000000800000000)
  region size 2048K, 1 young (2048K), 1 survivors (2048K)
 Metaspace       used 33760K, committed 34240K, reserved 1114112K
  class space    used 3738K, committed 3968K, reserved 1048576K
}
Event: 35.835 GC heap before
{Heap before GC invocations=10 (full 0):
 garbage-first heap   total 49152K, used 39291K [0x000000070a800000, 0x0000000800000000)
  region size 2048K, 13 young (26624K), 1 survivors (2048K)
 Metaspace       used 33774K, committed 34240K, reserved 1114112K
  class space    used 3738K, committed 3968K, reserved 1048576K
}
Event: 35.844 GC heap after
{Heap after GC invocations=11 (full 0):
 garbage-first heap   total 49152K, used 14658K [0x000000070a800000, 0x0000000800000000)
  region size 2048K, 1 young (2048K), 1 survivors (2048K)
 Metaspace       used 33774K, committed 34240K, reserved 1114112K
  class space    used 3738K, committed 3968K, reserved 1048576K
}
Event: 43.485 GC heap before
{Heap before GC invocations=11 (full 0):
 garbage-first heap   total 49152K, used 41282K [0x000000070a800000, 0x0000000800000000)
  region size 2048K, 14 young (28672K), 1 survivors (2048K)
 Metaspace       used 33935K, committed 34432K, reserved 1114112K
  class space    used 3740K, committed 3968K, reserved 1048576K
}
Event: 43.491 GC heap after
{Heap after GC invocations=12 (full 0):
 garbage-first heap   total 49152K, used 15196K [0x000000070a800000, 0x0000000800000000)
  region size 2048K, 1 young (2048K), 1 survivors (2048K)
 Metaspace       used 33935K, committed 34432K, reserved 1114112K
  class space    used 3740K, committed 3968K, reserved 1048576K
}
Event: 58.078 GC heap before
{Heap before GC invocations=12 (full 0):
 garbage-first heap   total 49152K, used 41820K [0x000000070a800000, 0x0000000800000000)
  region size 2048K, 14 young (28672K), 1 survivors (2048K)
 Metaspace       used 34103K, committed 34624K, reserved 1114112K
  class space    used 3741K, committed 3968K, reserved 1048576K
}
Event: 58.117 GC heap after
{Heap after GC invocations=13 (full 0):
 garbage-first heap   total 49152K, used 16129K [0x000000070a800000, 0x0000000800000000)
  region size 2048K, 2 young (4096K), 2 survivors (4096K)
 Metaspace       used 34103K, committed 34624K, reserved 1114112K
  class space    used 3741K, committed 3968K, reserved 1048576K
}

